<?xml version="1.0" encoding="UTF-8"?>
<!-- Generated by org.testng.reporters.JUnitReportReporter -->
<testsuite hostname="DESKTOP-LQEM3VC" failures="0" tests="1" name="com.ebrahim.qa.tests.LoginTest" time="9.282" errors="0" timestamp="2024-02-17T11:43:00 EST" skipped="0">
  <testcase classname="com.ebrahim.qa.tests.LoginTest" name="testLoginMethod" time="9.282"/>
</testsuite> <!-- com.ebrahim.qa.tests.LoginTest -->
